<?xml version="1.0" encoding="UTF-8"?>
<!-- Generated by org.testng.reporters.JUnitReportReporter -->
<testsuite hostname="LAPTOP-17LNK6V4" failures="0" tests="1" name="testCases.TC_001_AccountRegistrationTest" time="1.318" errors="0" timestamp="2025-08-13T23:28:10 PST" skipped="0">
  <testcase classname="testCases.TC_001_AccountRegistrationTest" name="testRegisterAccount" time="1.318"/>
</testsuite> <!-- testCases.TC_001_AccountRegistrationTest -->
