<?xml version="1.0" encoding="UTF-8"?>
<!-- Generated by org.testng.reporters.JUnitReportReporter -->
<testsuite hostname="LAPTOP-17LNK6V4" failures="0" tests="2" name="testCases.TC_002_LoginTest" time="2.081" errors="0" timestamp="2025-08-11T22:07:36 PST" skipped="0">
  <testcase classname="testCases.TC_002_LoginTest" name="verify_login" time="1.015"/>
  <testcase classname="testCases.TC_002_LoginTest" name="verify_login" time="1.066"/>
</testsuite> <!-- testCases.TC_002_LoginTest -->
