<?xml version="1.0" encoding="UTF-8"?>
<!-- Generated by org.testng.reporters.JUnitReportReporter -->
<testsuite hostname="LAPTOP-17LNK6V4" failures="0" tests="1" name="testCases.TC_004_SearchTest" time="1.727" errors="0" timestamp="2025-08-14T00:27:59 PST" skipped="0">
  <testcase classname="testCases.TC_004_SearchTest" name="testSearchProduct" time="1.727"/>
</testsuite> <!-- testCases.TC_004_SearchTest -->
