<?xml version="1.0" encoding="UTF-8"?>
<!-- Generated by org.testng.reporters.JUnitReportReporter -->
<testsuite hostname="LAPTOP-17LNK6V4" failures="0" tests="1" name="testBase.TC001_AccountRegistrationTest" time="1.571" errors="0" timestamp="2025-08-03T21:58:48 PST" skipped="0">
  <testcase classname="testBase.TC001_AccountRegistrationTest" name="testRegisterUser" time="1.571"/>
</testsuite> <!-- testBase.TC001_AccountRegistrationTest -->
