<?xml version="1.0" encoding="UTF-8"?>
<!-- Generated by org.testng.reporters.JUnitReportReporter -->
<testsuite hostname="SSCLDMSKDGIGANTE" failures="0" tests="1" name="testCases.TC_002_LoginTest" time="1.092" errors="0" timestamp="2025-08-14T09:42:43 PST" skipped="0">
  <testcase classname="testCases.TC_002_LoginTest" name="verify_login" time="1.092"/>
</testsuite> <!-- testCases.TC_002_LoginTest -->
