<?xml version="1.0" encoding="UTF-8"?>
<!-- Generated by org.testng.reporters.JUnitReportReporter -->
<testsuite hostname="LAPTOP-17LNK6V4" failures="0" tests="2" name="testCases.TC_001_AccountRegistrationTest" time="3.673" errors="0" timestamp="2025-08-11T22:59:14 PST" skipped="0">
  <testcase classname="testCases.TC_001_AccountRegistrationTest" name="testRegisterAccount" time="2.194"/>
  <testcase classname="testCases.TC_001_AccountRegistrationTest" name="testRegisterAccount" time="1.479"/>
</testsuite> <!-- testCases.TC_001_AccountRegistrationTest -->
