<?xml version="1.0" encoding="UTF-8"?>
<!-- Generated by org.testng.reporters.JUnitReportReporter -->
<testsuite hostname="LAPTOP-17LNK6V4" failures="0" tests="14" name="testCases.TC_003_LoginDTT" time="17.707" errors="0" timestamp="2025-08-10T00:18:25 PST" skipped="0">
  <testcase classname="testCases.TC_003_LoginDTT" name="verifyLoginDTT" time="1.390"/>
  <testcase classname="testCases.TC_003_LoginDTT" name="verifyLoginDTT" time="1.320"/>
  <testcase classname="testCases.TC_003_LoginDTT" name="verifyLoginDTT" time="1.434"/>
  <testcase classname="testCases.TC_003_LoginDTT" name="verifyLoginDTT" time="0.995"/>
  <testcase classname="testCases.TC_003_LoginDTT" name="verifyLoginDTT" time="1.615"/>
  <testcase classname="testCases.TC_003_LoginDTT" name="verifyLoginDTT" time="0.863"/>
  <testcase classname="testCases.TC_003_LoginDTT" name="verifyLoginDTT" time="1.388"/>
  <testcase classname="testCases.TC_003_LoginDTT" name="verifyLoginDTT" time="1.860"/>
  <testcase classname="testCases.TC_003_LoginDTT" name="verifyLoginDTT" time="0.840"/>
  <testcase classname="testCases.TC_003_LoginDTT" name="verifyLoginDTT" time="1.427"/>
  <testcase classname="testCases.TC_003_LoginDTT" name="verifyLoginDTT" time="0.864"/>
  <testcase classname="testCases.TC_003_LoginDTT" name="verifyLoginDTT" time="1.439"/>
  <testcase classname="testCases.TC_003_LoginDTT" name="verifyLoginDTT" time="1.369"/>
  <testcase classname="testCases.TC_003_LoginDTT" name="verifyLoginDTT" time="0.903"/>
</testsuite> <!-- testCases.TC_003_LoginDTT -->
