<?xml version="1.0" encoding="UTF-8"?>
<!-- Generated by org.testng.reporters.JUnitReportReporter -->
<testsuite hostname="SSCLDMSKDGIGANTE" failures="0" tests="1" name="testCases.TC_001_AccountRegistrationTest" time="1.669" errors="0" timestamp="2025-08-14T09:42:43 PST" skipped="0">
  <testcase classname="testCases.TC_001_AccountRegistrationTest" name="testRegisterAccount" time="1.669"/>
</testsuite> <!-- testCases.TC_001_AccountRegistrationTest -->
